11/17/17 15:47:11:807 | [INFO] | 758 | ASU | LWANative | LWANative |  |  | 23877 | Build Version - 10.0.0.163
11/17/17 15:47:11:808 | [INFO] | 758 | ASU | LWANative | LWANative |  |  | 23877 | Logging Level verbosity Set  to 4
11/17/17 15:47:16:252 | [INFO] | 758 | ASU | LWANative | P7Native |  |  | 23877 | Start : pwa_openSession
11/17/17 15:47:16:252 | [INFO] | 758 | ASU | LWANative | P7Native |  |  | 23877 | pwa_openSession Session key : D76CAFC9-D1C9-496F-AF49-86EFC340193E
11/17/17 15:47:17:528 | [INFO] |  | ASU | OPM | OPM |  |  | 23877 | Build Version - 10.0.0.130
11/17/17 15:47:17:528 | [INFO] |  | ASU | OPM | OPM |  |  | 23877 | Logging Level verbosity Set  to 4
11/17/17 15:47:18:204 | [INFO] |  | ASU | OPM | OPM |  |  | 23877 | _opm_handle_OPDReturnedStatus called with opdStatus as:0
11/17/17 15:47:18:204 | [INFO] |  | ASU | OPM | OPM |  |  | 23877 | No Record found for the input fields in opm_getValueForKey
11/17/17 15:47:19:184 | [INFO] | 758 | ASU | LWANative | P7Native |  |  | 23877 | End : pwa_openSession
11/17/17 15:47:19:207 | [INFO] | 758 | ASU | LWANative | P7Native |  |  | 23877 | Start : pwa_getDeviceID
11/17/17 15:47:19:240 | [INFO] | 758 | ASU | OPM | OPM |  |  | 23877 | Build Version - 10.0.0.163
11/17/17 15:47:19:240 | [INFO] | 758 | ASU | OPM | OPM |  |  | 23877 | Logging Level verbosity Set  to 4
11/17/17 15:47:19:425 | [INFO] | 758 | ASU | OPM | OPM |  |  | 23877 | Schema version and schema compatibility version are same or greater than current

11/17/17 15:47:19:477 | [INFO] | 758 | ASU | OPM | OPM |  |  | 23877 | _opm_handle_OPDReturnedStatus called with opdStatus as:0
11/17/17 15:47:19:477 | [INFO] | 758 | ASU | OPM | OPM |  |  | 23877 | No Record found for the input fields in opm_getValueForKey
11/17/17 15:47:19:477 | [WARN] | 758 | ASU | OPM | OPMWrapper |  |  | 23877 | Failed in getting value for key in OPMGetValueForKey
11/17/17 15:47:19:477 | [INFO] | 758 | ASU | OPM | P7Native |  |  | 23877 | OOBELibSessionForDeviceID : DeviceId not present in local db generating it from scratch in pwa_getDeviceID
11/17/17 15:47:19:477 | [INFO] | 758 | ASU | OPM | P7Native |  |  | 23877 | Start : generateDeviceID
11/17/17 15:47:19:501 | [INFO] | 758 | ASU | OPM | P7Native |  |  | 23877 | End : generateDeviceID
11/17/17 15:47:19:501 | [INFO] | 758 | ASU | OPM | P7Native |  |  | 23877 | End : pwa_getDeviceID
11/17/17 15:47:19:503 | [INFO] | 758 | ASU | OPM | P7Native |  |  | 23877 | Start : pwa_getMachineHashedID
11/17/17 15:47:19:549 | [INFO] | 758 | ASU | OPM | P7Native |  |  | 23877 | End : pwa_getMachineHashedID
11/17/17 15:47:19:551 | [INFO] | 758 | ASU | OPM | P7Native |  |  | 23877 | Start : pwa_closeSession
11/17/17 15:47:21:255 | [INFO] | 758 | ASU | OPM | P7Native |  |  | 23877 | pwa_closeSession Session key : D76CAFC9-D1C9-496F-AF49-86EFC340193E
11/17/17 15:47:21:255 | [INFO] | 758 | ASU | OPM | P7Native |  |  | 23877 | End : pwa_closeSession
11/17/17 15:47:21:471 | [INFO] | 758 | ASU | OPM | P7Native |  |  | 23877 | Performing openIMSLibSessionWithXMLParams...
11/17/17 15:47:21:471 | [INFO] | 758 | ASU | OPM | P7Native |  |  | 23877 | pwa_openIMSLibSessionWithXMLParams Session key : 78962708-0080-4038-A599-2E05452B48DF
11/17/17 15:47:22:533 | [INFO] | 758 | ASU | IMSLib | IMSLib |  |  | 23877 | Build Version - 10.0.0.22
11/17/17 15:47:22:533 | [INFO] | 758 | ASU | IMSLib | IMSLib |  |  | 23877 | Logging Level verbosity Set  to 4
11/17/17 15:47:22:563 | [INFO] | 758 | ASU | IMSLib | IMSLib |  |  | 23877 | Creating IMSLib instance WithXMLParams ...
11/17/17 15:47:22:564 | [INFO] | 758 | ASU | IMSLib | IMSLib |  |  | 23877 | Failed to retreive locale from the input xml in IMS_createRefExWithXMLParams
11/17/17 15:47:22:564 | [INFO] | 758 | ASU | OPM | OPM |  |  | 23877 | Build Version - 10.0.0.22
11/17/17 15:47:22:564 | [INFO] | 758 | ASU | OPM | OPM |  |  | 23877 | Logging Level verbosity Set  to 4
11/17/17 15:47:22:887 | [INFO] | 758 | ASU | OPM | OPM |  |  | 23877 | Schema version and schema compatibility version are same or greater than current

11/17/17 15:47:22:898 | [INFO] | 758 | ASU | OPM | IMSLibHelper |  |  | 23877 | OPMWrapper allocation succeeded
11/17/17 15:47:23:001 | [INFO] | 758 | ASU | OPM | IMSLib |  |  | 23877 | This product version is for GM
11/17/17 15:47:23:078 | [INFO] | 758 | ASU | OPM | IMSLib |  |  | 23877 | URL retreived from dispatchlib https://ims-prod06.adobelogin.com
11/17/17 15:47:23:078 | [INFO] | 758 | ASU | OPM | IMSLib |  |  | 23877 | Created IMSLib instance with endpoint:https://ims-prod06.adobelogin.com in IMS_createRefExWithXMLParams
11/17/17 15:47:23:078 | [INFO] | 758 | ASU | OPM | OPM |  |  | 23877 | _opm_handle_OPDReturnedStatus called with opdStatus as:0
11/17/17 15:47:23:078 | [INFO] | 758 | ASU | OPM | OPM |  |  | 23877 | No Record found for the input fields in opm_getValueForKey
11/17/17 15:47:23:078 | [INFO] | 758 | ASU | OPM | IMSLib_OPMWrapper |  |  | 23877 | Failed in getting value for key in OPMGetValueForKey domain:OOBE subDomain:ProxyCredentials key:ProxyUsername
11/17/17 15:47:23:078 | [INFO] | 758 | ASU | OPM | IMSLibHelper |  |  | 23877 | Failed to get proxy user name from local db in getProxyCredentialsFromLocalStore
11/17/17 15:47:23:078 | [INFO] | 758 | ASU | OPM | IMSLib |  |  | 23877 | Failed to get proxy credentials from local store in IMS_createRefExWithXMLParams
11/17/17 15:47:23:078 | [INFO] | 758 | ASU | OPM | IMSLib |  |  | 23877 | Performing IMS_registerClientToGroup..
11/17/17 15:47:23:097 | [INFO] | 758 | ASU | OPM | OPM |  |  | 23877 | Performing opm_getRecords...
11/17/17 15:47:23:097 | [INFO] | 758 | ASU | OPM | OPM |  |  | 23877 | _opm_handle_OPDReturnedStatus called with opdStatus as:0
11/17/17 15:47:23:097 | [INFO] | 758 | ASU | OPM | OPM |  |  | 23877 | No Record found for the input fields in opm_getRecords
11/17/17 15:47:23:097 | [WARN] | 758 | ASU | OPM | IMSLib_OPMWrapper |  |  | 23877 | Failed in getting list of keys in OPMGetKeyList
11/17/17 15:47:23:097 | [WARN] | 758 | ASU | OPM | IMSLibHelper |  |  | 23877 | Failed in getting buddy groupList in getBuddyClients
11/17/17 15:47:23:097 | [INFO] | 758 | ASU | OPM | OPM |  |  | 23877 | _opm_handle_OPDReturnedStatus called with opdStatus as:0
11/17/17 15:47:23:097 | [INFO] | 758 | ASU | OPM | OPM |  |  | 23877 | No Record found for the input fields in opm_getValueForKey
11/17/17 15:47:23:097 | [INFO] | 758 | ASU | OPM | IMSLib_OPMWrapper |  |  | 23877 | Failed in getting value for key in OPMGetValueForKey domain:IMSLib subDomain:BuddyGroup key:0
11/17/17 15:47:23:154 | [INFO] | 758 | ASU | OPM | OPM |  |  | 23877 | _opm_handle_OPDReturnedStatus called with opdStatus as:0
11/17/17 15:47:23:154 | [INFO] | 758 | ASU | OPM | OPM |  |  | 23877 | Successfully updated opm.db for fields domain:IMSLib subdomain:BuddyGroup key:0 in opm_setValueForKey
11/17/17 15:47:23:154 | [INFO] | 758 | ASU | OPM | OPM |  |  | 23877 | _opm_handle_OPDReturnedStatus called with opdStatus as:0
11/17/17 15:47:23:154 | [INFO] | 758 | ASU | OPM | OPM |  |  | 23877 | No Record found for the input fields in opm_getValueForKey
11/17/17 15:47:23:154 | [INFO] | 758 | ASU | OPM | IMSLib_OPMWrapper |  |  | 23877 | Failed in getting value for key in OPMGetValueForKey domain:IMSLib subDomain:CSServiceMap key:426eb9f9-9989-45dd-8b7c-1bcdc957c8e5
11/17/17 15:47:23:154 | [WARN] | 758 | ASU | OPM | IMSLibHelper |  |  | 23877 | Failed in fetching default user id for the service, while processing fetchDefaultUserGUIDForClientID
11/17/17 15:47:23:154 | [INFO] | 758 | ASU | OPM | IMSLib |  |  | 23877 | Not duplicating the DUC entry - fetchDefaultUserGUIDForClientID failed in IMS_registerClientToGroup
11/17/17 15:47:23:154 | [INFO] | 758 | ASU | OPM | P7Native |  |  | 23877 | Successfully registered AAM Client to Buddy group in pwa_openIMSLibSessionWithXMLParams.
11/17/17 15:47:23:157 | [INFO] | 758 | ASU | OPM | P7Native |  |  | 23877 | Performing registeration of client to group
11/17/17 15:47:23:158 | [INFO] | 758 | ASU | OPM | IMSLib |  |  | 23877 | Performing IMS_registerClientToGroup..
11/17/17 15:47:23:158 | [INFO] | 758 | ASU | OPM | OPM |  |  | 23877 | Performing opm_getRecords...
11/17/17 15:47:23:159 | [INFO] | 758 | ASU | OPM | OPM |  |  | 23877 | _opm_handle_OPDReturnedStatus called with opdStatus as:0
11/17/17 15:47:23:159 | [INFO] | 758 | ASU | OPM | OPM |  |  | 23877 | _opm_handle_OPDReturnedStatus called with opdStatus as:0
11/17/17 15:47:23:159 | [INFO] | 758 | ASU | OPM | OPM |  |  | 23877 | returning size of value as:40 in opm_getValueForKey
11/17/17 15:47:23:159 | [INFO] | 758 | ASU | OPM | OPM |  |  | 23877 | _opm_handle_OPDReturnedStatus called with opdStatus as:0
11/17/17 15:47:23:159 | [INFO] | 758 | ASU | OPM | OPM |  |  | 23877 | Successfully retreived value from opm domain:IMSLib subdomain:BuddyGroup key:0 in opm_getValueForKey
11/17/17 15:47:23:159 | [INFO] | 758 | ASU | OPM | OPM |  |  | 23877 | _opm_handle_OPDReturnedStatus called with opdStatus as:0
11/17/17 15:47:23:159 | [INFO] | 758 | ASU | OPM | OPM |  |  | 23877 | returning size of value as:40 in opm_getValueForKey
11/17/17 15:47:23:159 | [INFO] | 758 | ASU | OPM | OPM |  |  | 23877 | _opm_handle_OPDReturnedStatus called with opdStatus as:0
11/17/17 15:47:23:159 | [INFO] | 758 | ASU | OPM | OPM |  |  | 23877 | Successfully retreived value from opm domain:IMSLib subdomain:BuddyGroup key:0 in opm_getValueForKey
11/17/17 15:47:23:164 | [INFO] | 758 | ASU | OPM | OPM |  |  | 23877 | _opm_handle_OPDReturnedStatus called with opdStatus as:0
11/17/17 15:47:23:164 | [INFO] | 758 | ASU | OPM | OPM |  |  | 23877 | Successfully updated opm.db for fields domain:IMSLib subdomain:BuddyGroup key:0 in opm_setValueForKey
11/17/17 15:47:23:164 | [INFO] | 758 | ASU | OPM | OPM |  |  | 23877 | _opm_handle_OPDReturnedStatus called with opdStatus as:0
11/17/17 15:47:23:164 | [INFO] | 758 | ASU | OPM | OPM |  |  | 23877 | No Record found for the input fields in opm_getValueForKey
11/17/17 15:47:23:164 | [INFO] | 758 | ASU | OPM | IMSLib_OPMWrapper |  |  | 23877 | Failed in getting value for key in OPMGetValueForKey domain:IMSLib subDomain:CSServiceMap key:426eb9f9-9989-45dd-8b7c-1bcdc957c8e5
11/17/17 15:47:23:164 | [WARN] | 758 | ASU | OPM | IMSLibHelper |  |  | 23877 | Failed in fetching default user id for the service, while processing fetchDefaultUserGUIDForClientID
11/17/17 15:47:23:164 | [INFO] | 758 | ASU | OPM | IMSLib |  |  | 23877 | Not duplicating the DUC entry - fetchDefaultUserGUIDForClientID failed in IMS_registerClientToGroup
11/17/17 15:47:23:164 | [INFO] | 758 | ASU | OPM | P7Native |  |  | 23877 | Registered Client to group successfully!
11/17/17 15:47:23:199 | [INFO] | 758 | ASU | OPM | P7Native |  |  | 23877 | Performing fetch default user for clientID...
11/17/17 15:47:23:222 | [INFO] | 758 | ASU | OPM | IMSLib |  |  | 23877 | Performing fetchDefaultUserInfoForClientId...
11/17/17 15:47:23:222 | [INFO] | 758 | ASU | OPM | OPM |  |  | 23877 | _opm_handle_OPDReturnedStatus called with opdStatus as:0
11/17/17 15:47:23:222 | [INFO] | 758 | ASU | OPM | OPM |  |  | 23877 | No Record found for the input fields in opm_getValueForKey
11/17/17 15:47:23:222 | [INFO] | 758 | ASU | OPM | IMSLib_OPMWrapper |  |  | 23877 | Failed in getting value for key in OPMGetValueForKey domain:IMSLib subDomain:CSServiceMap key:CreativeCloud_v4_3
11/17/17 15:47:23:222 | [WARN] | 758 | ASU | OPM | IMSLibHelper |  |  | 23877 | Failed in fetching default user id for the service, while processing fetchDefaultUserGUIDForClientID
11/17/17 15:47:23:222 | [INFO] | 758 | ASU | OPM | IMSLib |  |  | 23877 | Failed to get default user for clientId in fetchDefaultUserInfoForClientId...
11/17/17 15:47:23:223 | [WARN] | 758 | ASU | OPM | P7Native |  |  | 23877 | failed in IMSLib's fetchDefaultUserInfoForClientId function, in getDefaultUserForClientId
11/17/17 15:47:23:223 | [INFO] | 758 | ASU | OPM | IMSLib |  |  | 23877 | Performing releaseData...
11/17/17 15:47:23:223 | [INFO] | 758 | ASU | OPM | P7Native |  |  | 23877 | Unable to find default user for client_id: CreativeCloud_v4_3
11/17/17 15:47:25:231 | [INFO] | 770 | ASU | IMSLib | IMSLib |  |  | 24197 | Build Version - 10.0.0.22
11/17/17 15:47:25:231 | [INFO] | 770 | ASU | IMSLib | IMSLib |  |  | 24197 | Logging Level verbosity Set  to 4
11/17/17 15:47:25:231 | [INFO] | 770 | ASU | IMSLib | IMSLib |  |  | 24197 | Creating IMSLib Ex instance ...
11/17/17 15:47:25:231 | [INFO] | 770 | ASU | OPM | OPM |  |  | 24197 | Build Version - 10.0.0.22
11/17/17 15:47:25:231 | [INFO] | 770 | ASU | OPM | OPM |  |  | 24197 | Logging Level verbosity Set  to 4
11/17/17 15:47:25:302 | [INFO] | 770 | ASU | OPM | OPM |  |  | 24197 | Schema version and schema compatibility version are same or greater than current

11/17/17 15:47:25:303 | [INFO] | 770 | ASU | OPM | IMSLibHelper |  |  | 24197 | OPMWrapper allocation succeeded
11/17/17 15:47:25:303 | [INFO] | 770 | ASU | OPM | OPM |  |  | 24197 | _opm_handle_OPDReturnedStatus called with opdStatus as:0
11/17/17 15:47:25:303 | [INFO] | 770 | ASU | OPM | OPM |  |  | 24197 | No Record found for the input fields in opm_getValueForKey
11/17/17 15:47:25:303 | [INFO] | 770 | ASU | OPM | IMSLib_OPMWrapper |  |  | 24197 | Failed in getting value for key in OPMGetValueForKey domain:OOBE subDomain:ProxyCredentials key:ProxyUsername
11/17/17 15:47:25:303 | [INFO] | 770 | ASU | OPM | IMSLibHelper |  |  | 24197 | Failed to get proxy user name from local db in getProxyCredentialsFromLocalStore
11/17/17 15:47:25:303 | [INFO] | 770 | ASU | OPM | IMSLib |  |  | 24197 | Failed get proxy credentials from local store while creating IMSLib Ex instance ...
11/17/17 15:47:25:304 | [INFO] | 770 | ASU | OPM | IMSLib |  |  | 24197 | Performing IMS_registerClientToGroup..
11/17/17 15:47:25:304 | [INFO] | 770 | ASU | OPM | OPM |  |  | 24197 | Performing opm_getRecords...
11/17/17 15:47:25:305 | [INFO] | 770 | ASU | OPM | OPM |  |  | 24197 | _opm_handle_OPDReturnedStatus called with opdStatus as:0
11/17/17 15:47:25:305 | [INFO] | 770 | ASU | OPM | OPM |  |  | 24197 | _opm_handle_OPDReturnedStatus called with opdStatus as:0
11/17/17 15:47:25:305 | [INFO] | 770 | ASU | OPM | OPM |  |  | 24197 | returning size of value as:61 in opm_getValueForKey
11/17/17 15:47:25:305 | [INFO] | 770 | ASU | OPM | OPM |  |  | 24197 | _opm_handle_OPDReturnedStatus called with opdStatus as:0
11/17/17 15:47:25:305 | [INFO] | 770 | ASU | OPM | OPM |  |  | 24197 | Successfully retreived value from opm domain:IMSLib subdomain:BuddyGroup key:0 in opm_getValueForKey
11/17/17 15:47:25:305 | [INFO] | 770 | ASU | OPM | OPM |  |  | 24197 | _opm_handle_OPDReturnedStatus called with opdStatus as:0
11/17/17 15:47:25:305 | [INFO] | 770 | ASU | OPM | OPM |  |  | 24197 | returning size of value as:61 in opm_getValueForKey
11/17/17 15:47:25:305 | [INFO] | 770 | ASU | OPM | OPM |  |  | 24197 | _opm_handle_OPDReturnedStatus called with opdStatus as:0
11/17/17 15:47:25:305 | [INFO] | 770 | ASU | OPM | OPM |  |  | 24197 | Successfully retreived value from opm domain:IMSLib subdomain:BuddyGroup key:0 in opm_getValueForKey
11/17/17 15:47:25:324 | [INFO] | 770 | ASU | OPM | OPM |  |  | 24197 | _opm_handle_OPDReturnedStatus called with opdStatus as:0
11/17/17 15:47:25:324 | [INFO] | 770 | ASU | OPM | OPM |  |  | 24197 | Successfully updated opm.db for fields domain:IMSLib subdomain:BuddyGroup key:0 in opm_setValueForKey
11/17/17 15:47:25:324 | [INFO] | 770 | ASU | OPM | OPM |  |  | 24197 | _opm_handle_OPDReturnedStatus called with opdStatus as:0
11/17/17 15:47:25:324 | [INFO] | 770 | ASU | OPM | OPM |  |  | 24197 | No Record found for the input fields in opm_getValueForKey
11/17/17 15:47:25:324 | [INFO] | 770 | ASU | OPM | IMSLib_OPMWrapper |  |  | 24197 | Failed in getting value for key in OPMGetValueForKey domain:IMSLib subDomain:CSServiceMap key:426eb9f9-9989-45dd-8b7c-1bcdc957c8e5
11/17/17 15:47:25:324 | [WARN] | 770 | ASU | OPM | IMSLibHelper |  |  | 24197 | Failed in fetching default user id for the service, while processing fetchDefaultUserGUIDForClientID
11/17/17 15:47:25:324 | [INFO] | 770 | ASU | OPM | IMSLib |  |  | 24197 | Not duplicating the DUC entry - fetchDefaultUserGUIDForClientID failed in IMS_registerClientToGroup
11/17/17 15:47:25:329 | [INFO] | 770 | ASU | OPM | IMSLib |  |  | 24197 | Releasing IMSLib instance
11/17/17 15:47:25:329 | [INFO] | 770 | ASU | OPM | IMSLib |  |  | 24197 | IMSLib instance released ...
11/17/17 15:47:31:926 | [INFO] | 770 | ASU | IMSLib | IMSLib |  |  | 24197 | Build Version - 10.0.0.22
11/17/17 15:47:31:926 | [INFO] | 770 | ASU | IMSLib | IMSLib |  |  | 24197 | Logging Level verbosity Set  to 4
11/17/17 15:47:31:926 | [INFO] | 770 | ASU | IMSLib | IMSLib |  |  | 24197 | Creating IMSLib Ex instance ...
11/17/17 15:47:31:926 | [INFO] | 770 | ASU | OPM | OPM |  |  | 24197 | Build Version - 10.0.0.22
11/17/17 15:47:31:927 | [INFO] | 770 | ASU | OPM | OPM |  |  | 24197 | Logging Level verbosity Set  to 4
11/17/17 15:47:31:927 | [INFO] | 770 | ASU | OPM | OPM |  |  | 24197 | Schema version and schema compatibility version are same or greater than current

11/17/17 15:47:31:927 | [INFO] | 770 | ASU | OPM | IMSLibHelper |  |  | 24197 | OPMWrapper allocation succeeded
11/17/17 15:47:31:927 | [INFO] | 770 | ASU | OPM | OPM |  |  | 24197 | _opm_handle_OPDReturnedStatus called with opdStatus as:0
11/17/17 15:47:31:927 | [INFO] | 770 | ASU | OPM | OPM |  |  | 24197 | No Record found for the input fields in opm_getValueForKey
11/17/17 15:47:31:927 | [INFO] | 770 | ASU | OPM | IMSLib_OPMWrapper |  |  | 24197 | Failed in getting value for key in OPMGetValueForKey domain:OOBE subDomain:ProxyCredentials key:ProxyUsername
11/17/17 15:47:31:927 | [INFO] | 770 | ASU | OPM | IMSLibHelper |  |  | 24197 | Failed to get proxy user name from local db in getProxyCredentialsFromLocalStore
11/17/17 15:47:31:927 | [INFO] | 770 | ASU | OPM | IMSLib |  |  | 24197 | Failed get proxy credentials from local store while creating IMSLib Ex instance ...
11/17/17 15:47:31:927 | [INFO] | 770 | ASU | OPM | IMSLib |  |  | 24197 | Performing fetchDefaultUserInfoForClientId...
11/17/17 15:47:31:928 | [INFO] | 770 | ASU | OPM | OPM |  |  | 24197 | _opm_handle_OPDReturnedStatus called with opdStatus as:0
11/17/17 15:47:31:928 | [INFO] | 770 | ASU | OPM | OPM |  |  | 24197 | No Record found for the input fields in opm_getValueForKey
11/17/17 15:47:31:928 | [INFO] | 770 | ASU | OPM | IMSLib_OPMWrapper |  |  | 24197 | Failed in getting value for key in OPMGetValueForKey domain:IMSLib subDomain:CSServiceMap key:CCXInAppWelcomeProcess
11/17/17 15:47:31:928 | [WARN] | 770 | ASU | OPM | IMSLibHelper |  |  | 24197 | Failed in fetching default user id for the service, while processing fetchDefaultUserGUIDForClientID
11/17/17 15:47:31:928 | [INFO] | 770 | ASU | OPM | IMSLib |  |  | 24197 | Failed to get default user for clientId in fetchDefaultUserInfoForClientId...
11/17/17 15:47:31:928 | [INFO] | 770 | ASU | OPM | IMSLib |  |  | 24197 | Releasing IMSLib instance
11/17/17 15:47:31:928 | [INFO] | 770 | ASU | OPM | IMSLib |  |  | 24197 | IMSLib instance released ...
11/17/17 15:47:32:194 | [INFO] | 770 | ASU | IMSLib | IMSLib |  |  | 24197 | Build Version - 10.0.0.22
11/17/17 15:47:32:194 | [INFO] | 770 | ASU | IMSLib | IMSLib |  |  | 24197 | Logging Level verbosity Set  to 4
11/17/17 15:47:32:194 | [INFO] | 770 | ASU | IMSLib | IMSLib |  |  | 24197 | Creating IMSLib Ex instance ...
11/17/17 15:47:32:194 | [INFO] | 770 | ASU | OPM | OPM |  |  | 24197 | Build Version - 10.0.0.22
11/17/17 15:47:32:194 | [INFO] | 770 | ASU | OPM | OPM |  |  | 24197 | Logging Level verbosity Set  to 4
11/17/17 15:47:32:194 | [INFO] | 770 | ASU | OPM | OPM |  |  | 24197 | Schema version and schema compatibility version are same or greater than current

11/17/17 15:47:32:195 | [INFO] | 770 | ASU | OPM | IMSLibHelper |  |  | 24197 | OPMWrapper allocation succeeded
11/17/17 15:47:32:195 | [INFO] | 770 | ASU | OPM | OPM |  |  | 24197 | _opm_handle_OPDReturnedStatus called with opdStatus as:0
11/17/17 15:47:32:195 | [INFO] | 770 | ASU | OPM | OPM |  |  | 24197 | No Record found for the input fields in opm_getValueForKey
11/17/17 15:47:32:195 | [INFO] | 770 | ASU | OPM | IMSLib_OPMWrapper |  |  | 24197 | Failed in getting value for key in OPMGetValueForKey domain:OOBE subDomain:ProxyCredentials key:ProxyUsername
11/17/17 15:47:32:195 | [INFO] | 770 | ASU | OPM | IMSLibHelper |  |  | 24197 | Failed to get proxy user name from local db in getProxyCredentialsFromLocalStore
11/17/17 15:47:32:195 | [INFO] | 770 | ASU | OPM | IMSLib |  |  | 24197 | Failed get proxy credentials from local store while creating IMSLib Ex instance ...
11/17/17 15:47:32:195 | [INFO] | 770 | ASU | OPM | IMSLib |  |  | 24197 | Performing fetchDefaultUserInfoForClientId...
11/17/17 15:47:32:195 | [INFO] | 770 | ASU | OPM | OPM |  |  | 24197 | _opm_handle_OPDReturnedStatus called with opdStatus as:0
11/17/17 15:47:32:195 | [INFO] | 770 | ASU | OPM | OPM |  |  | 24197 | No Record found for the input fields in opm_getValueForKey
11/17/17 15:47:32:195 | [INFO] | 770 | ASU | OPM | IMSLib_OPMWrapper |  |  | 24197 | Failed in getting value for key in OPMGetValueForKey domain:IMSLib subDomain:CSServiceMap key:CCXInAppWelcomeProcess
11/17/17 15:47:32:195 | [WARN] | 770 | ASU | OPM | IMSLibHelper |  |  | 24197 | Failed in fetching default user id for the service, while processing fetchDefaultUserGUIDForClientID
11/17/17 15:47:32:195 | [INFO] | 770 | ASU | OPM | IMSLib |  |  | 24197 | Failed to get default user for clientId in fetchDefaultUserInfoForClientId...
11/17/17 15:47:32:195 | [INFO] | 770 | ASU | OPM | IMSLib |  |  | 24197 | Releasing IMSLib instance
11/17/17 15:47:32:195 | [INFO] | 770 | ASU | OPM | IMSLib |  |  | 24197 | IMSLib instance released ...
11/17/17 15:47:32:196 | [INFO] | 770 | ASU | IMSLib | IMSLib |  |  | 24197 | Build Version - 10.0.0.22
11/17/17 15:47:32:196 | [INFO] | 770 | ASU | IMSLib | IMSLib |  |  | 24197 | Logging Level verbosity Set  to 4
11/17/17 15:47:32:196 | [INFO] | 770 | ASU | IMSLib | IMSLib |  |  | 24197 | Creating IMSLib Ex instance ...
11/17/17 15:47:32:196 | [INFO] | 770 | ASU | OPM | OPM |  |  | 24197 | Build Version - 10.0.0.22
11/17/17 15:47:32:196 | [INFO] | 770 | ASU | OPM | OPM |  |  | 24197 | Logging Level verbosity Set  to 4
11/17/17 15:47:32:196 | [INFO] | 770 | ASU | OPM | OPM |  |  | 24197 | Schema version and schema compatibility version are same or greater than current

11/17/17 15:47:32:196 | [INFO] | 770 | ASU | OPM | IMSLibHelper |  |  | 24197 | OPMWrapper allocation succeeded
11/17/17 15:47:32:196 | [INFO] | 770 | ASU | OPM | OPM |  |  | 24197 | _opm_handle_OPDReturnedStatus called with opdStatus as:0
11/17/17 15:47:32:196 | [INFO] | 770 | ASU | OPM | OPM |  |  | 24197 | No Record found for the input fields in opm_getValueForKey
11/17/17 15:47:32:196 | [INFO] | 770 | ASU | OPM | IMSLib_OPMWrapper |  |  | 24197 | Failed in getting value for key in OPMGetValueForKey domain:OOBE subDomain:ProxyCredentials key:ProxyUsername
11/17/17 15:47:32:196 | [INFO] | 770 | ASU | OPM | IMSLibHelper |  |  | 24197 | Failed to get proxy user name from local db in getProxyCredentialsFromLocalStore
11/17/17 15:47:32:196 | [INFO] | 770 | ASU | OPM | IMSLib |  |  | 24197 | Failed get proxy credentials from local store while creating IMSLib Ex instance ...
11/17/17 15:47:32:197 | [INFO] | 770 | ASU | OPM | IMSLib |  |  | 24197 | Performing fetchDefaultUserInfoForClientId...
11/17/17 15:47:32:197 | [INFO] | 770 | ASU | OPM | OPM |  |  | 24197 | _opm_handle_OPDReturnedStatus called with opdStatus as:0
11/17/17 15:47:32:197 | [INFO] | 770 | ASU | OPM | OPM |  |  | 24197 | No Record found for the input fields in opm_getValueForKey
11/17/17 15:47:32:197 | [INFO] | 770 | ASU | OPM | IMSLib_OPMWrapper |  |  | 24197 | Failed in getting value for key in OPMGetValueForKey domain:IMSLib subDomain:CSServiceMap key:CCXInAppWelcomeProcess
11/17/17 15:47:32:197 | [WARN] | 770 | ASU | OPM | IMSLibHelper |  |  | 24197 | Failed in fetching default user id for the service, while processing fetchDefaultUserGUIDForClientID
11/17/17 15:47:32:197 | [INFO] | 770 | ASU | OPM | IMSLib |  |  | 24197 | Failed to get default user for clientId in fetchDefaultUserInfoForClientId...
11/17/17 15:47:32:197 | [INFO] | 770 | ASU | OPM | IMSLib |  |  | 24197 | Releasing IMSLib instance
11/17/17 15:47:32:197 | [INFO] | 770 | ASU | OPM | IMSLib |  |  | 24197 | IMSLib instance released ...
11/17/17 15:47:32:197 | [INFO] | 770 | ASU | IMSLib | IMSLib |  |  | 24197 | Build Version - 10.0.0.22
11/17/17 15:47:32:197 | [INFO] | 770 | ASU | IMSLib | IMSLib |  |  | 24197 | Logging Level verbosity Set  to 4
11/17/17 15:47:32:197 | [INFO] | 770 | ASU | IMSLib | IMSLib |  |  | 24197 | Creating IMSLib Ex instance ...
11/17/17 15:47:32:198 | [INFO] | 770 | ASU | OPM | OPM |  |  | 24197 | Build Version - 10.0.0.22
11/17/17 15:47:32:198 | [INFO] | 770 | ASU | OPM | OPM |  |  | 24197 | Logging Level verbosity Set  to 4
11/17/17 15:47:32:198 | [INFO] | 770 | ASU | OPM | OPM |  |  | 24197 | Schema version and schema compatibility version are same or greater than current

11/17/17 15:47:32:198 | [INFO] | 770 | ASU | OPM | IMSLibHelper |  |  | 24197 | OPMWrapper allocation succeeded
11/17/17 15:47:32:198 | [INFO] | 770 | ASU | OPM | OPM |  |  | 24197 | _opm_handle_OPDReturnedStatus called with opdStatus as:0
11/17/17 15:47:32:198 | [INFO] | 770 | ASU | OPM | OPM |  |  | 24197 | No Record found for the input fields in opm_getValueForKey
11/17/17 15:47:32:198 | [INFO] | 770 | ASU | OPM | IMSLib_OPMWrapper |  |  | 24197 | Failed in getting value for key in OPMGetValueForKey domain:OOBE subDomain:ProxyCredentials key:ProxyUsername
11/17/17 15:47:32:198 | [INFO] | 770 | ASU | OPM | IMSLibHelper |  |  | 24197 | Failed to get proxy user name from local db in getProxyCredentialsFromLocalStore
11/17/17 15:47:32:198 | [INFO] | 770 | ASU | OPM | IMSLib |  |  | 24197 | Failed get proxy credentials from local store while creating IMSLib Ex instance ...
11/17/17 15:47:32:198 | [INFO] | 770 | ASU | OPM | IMSLib |  |  | 24197 | Performing fetchDefaultUserInfoForClientId...
11/17/17 15:47:32:198 | [INFO] | 770 | ASU | OPM | OPM |  |  | 24197 | _opm_handle_OPDReturnedStatus called with opdStatus as:0
11/17/17 15:47:32:198 | [INFO] | 770 | ASU | OPM | OPM |  |  | 24197 | No Record found for the input fields in opm_getValueForKey
11/17/17 15:47:32:198 | [INFO] | 770 | ASU | OPM | IMSLib_OPMWrapper |  |  | 24197 | Failed in getting value for key in OPMGetValueForKey domain:IMSLib subDomain:CSServiceMap key:CCXInAppWelcomeProcess
11/17/17 15:47:32:198 | [WARN] | 770 | ASU | OPM | IMSLibHelper |  |  | 24197 | Failed in fetching default user id for the service, while processing fetchDefaultUserGUIDForClientID
11/17/17 15:47:32:198 | [INFO] | 770 | ASU | OPM | IMSLib |  |  | 24197 | Failed to get default user for clientId in fetchDefaultUserInfoForClientId...
11/17/17 15:47:32:198 | [INFO] | 770 | ASU | OPM | IMSLib |  |  | 24197 | Releasing IMSLib instance
11/17/17 15:47:32:198 | [INFO] | 770 | ASU | OPM | IMSLib |  |  | 24197 | IMSLib instance released ...
11/17/17 16:13:34:787 | [INFO] | 510 | ASU | LWANative | LWANative |  |  | 10107 | Build Version - 10.0.0.163
11/17/17 16:13:34:807 | [INFO] | 510 | ASU | LWANative | LWANative |  |  | 10107 | Logging Level verbosity Set  to 4
11/17/17 16:13:42:888 | [INFO] | 510 | ASU | LWANative | P7Native |  |  | 10107 | Start : pwa_openSession
11/17/17 16:13:42:888 | [INFO] | 510 | ASU | LWANative | P7Native |  |  | 10107 | pwa_openSession Session key : 118273C1-E300-4A2C-9BD5-1FC20B48BDCC
11/17/17 16:13:45:204 | [INFO] |  | ASU | OPM | OPM |  |  | 10107 | Build Version - 10.0.0.130
11/17/17 16:13:45:204 | [INFO] |  | ASU | OPM | OPM |  |  | 10107 | Logging Level verbosity Set  to 4
11/17/17 16:13:45:748 | [INFO] |  | ASU | OPM | OPM |  |  | 10107 | Schema version and schema compatibility version are same or greater than current

11/17/17 16:13:45:877 | [INFO] |  | ASU | OPM | OPM |  |  | 10107 | _opm_handle_OPDReturnedStatus called with opdStatus as:0
11/17/17 16:13:45:877 | [INFO] |  | ASU | OPM | OPM |  |  | 10107 | No Record found for the input fields in opm_getValueForKey
11/17/17 16:13:47:054 | [INFO] | 510 | ASU | LWANative | P7Native |  |  | 10107 | End : pwa_openSession
11/17/17 16:13:47:076 | [INFO] | 510 | ASU | LWANative | P7Native |  |  | 10107 | Start : pwa_getDeviceID
11/17/17 16:13:47:101 | [INFO] | 510 | ASU | OPM | OPM |  |  | 10107 | Build Version - 10.0.0.163
11/17/17 16:13:47:101 | [INFO] | 510 | ASU | OPM | OPM |  |  | 10107 | Logging Level verbosity Set  to 4
11/17/17 16:13:47:356 | [INFO] | 510 | ASU | OPM | OPM |  |  | 10107 | Schema version and schema compatibility version are same or greater than current

11/17/17 16:13:47:546 | [INFO] | 510 | ASU | OPM | OPM |  |  | 10107 | _opm_handle_OPDReturnedStatus called with opdStatus as:0
11/17/17 16:13:47:546 | [INFO] | 510 | ASU | OPM | OPM |  |  | 10107 | No Record found for the input fields in opm_getValueForKey
11/17/17 16:13:47:546 | [WARN] | 510 | ASU | OPM | OPMWrapper |  |  | 10107 | Failed in getting value for key in OPMGetValueForKey
11/17/17 16:13:47:546 | [INFO] | 510 | ASU | OPM | P7Native |  |  | 10107 | OOBELibSessionForDeviceID : DeviceId not present in local db generating it from scratch in pwa_getDeviceID
11/17/17 16:13:47:546 | [INFO] | 510 | ASU | OPM | P7Native |  |  | 10107 | Start : generateDeviceID
11/17/17 16:13:47:608 | [INFO] | 510 | ASU | OPM | P7Native |  |  | 10107 | End : generateDeviceID
11/17/17 16:13:47:608 | [INFO] | 510 | ASU | OPM | P7Native |  |  | 10107 | End : pwa_getDeviceID
11/17/17 16:13:47:636 | [INFO] | 510 | ASU | OPM | P7Native |  |  | 10107 | Start : pwa_getMachineHashedID
11/17/17 16:13:47:701 | [INFO] | 510 | ASU | OPM | P7Native |  |  | 10107 | End : pwa_getMachineHashedID
11/17/17 16:13:47:703 | [INFO] | 510 | ASU | OPM | P7Native |  |  | 10107 | Start : pwa_closeSession
11/17/17 16:13:49:122 | [INFO] | 510 | ASU | OPM | P7Native |  |  | 10107 | pwa_closeSession Session key : 118273C1-E300-4A2C-9BD5-1FC20B48BDCC
11/17/17 16:13:49:123 | [INFO] | 510 | ASU | OPM | P7Native |  |  | 10107 | End : pwa_closeSession
11/17/17 16:13:49:282 | [INFO] | 510 | ASU | OPM | P7Native |  |  | 10107 | Performing openIMSLibSessionWithXMLParams...
11/17/17 16:13:49:282 | [INFO] | 510 | ASU | OPM | P7Native |  |  | 10107 | pwa_openIMSLibSessionWithXMLParams Session key : 9C8EE29D-0DE7-4C4F-B3FF-CD869CB898B7
11/17/17 16:13:50:017 | [INFO] | 510 | ASU | IMSLib | IMSLib |  |  | 10107 | Build Version - 10.0.0.22
11/17/17 16:13:50:017 | [INFO] | 510 | ASU | IMSLib | IMSLib |  |  | 10107 | Logging Level verbosity Set  to 4
11/17/17 16:13:50:032 | [INFO] | 510 | ASU | IMSLib | IMSLib |  |  | 10107 | Creating IMSLib instance WithXMLParams ...
11/17/17 16:13:50:033 | [INFO] | 510 | ASU | IMSLib | IMSLib |  |  | 10107 | Failed to retreive locale from the input xml in IMS_createRefExWithXMLParams
11/17/17 16:13:50:033 | [INFO] | 510 | ASU | OPM | OPM |  |  | 10107 | Build Version - 10.0.0.22
11/17/17 16:13:50:033 | [INFO] | 510 | ASU | OPM | OPM |  |  | 10107 | Logging Level verbosity Set  to 4
11/17/17 16:13:50:154 | [INFO] | 510 | ASU | OPM | OPM |  |  | 10107 | Schema version and schema compatibility version are same or greater than current

11/17/17 16:13:50:189 | [INFO] | 510 | ASU | OPM | IMSLibHelper |  |  | 10107 | OPMWrapper allocation succeeded
11/17/17 16:13:50:189 | [INFO] | 510 | ASU | OPM | IMSLib |  |  | 10107 | This product version is for GM
11/17/17 16:13:50:241 | [INFO] | 510 | ASU | OPM | IMSLib |  |  | 10107 | URL retreived from dispatchlib https://ims-prod06.adobelogin.com
11/17/17 16:13:50:241 | [INFO] | 510 | ASU | OPM | IMSLib |  |  | 10107 | Created IMSLib instance with endpoint:https://ims-prod06.adobelogin.com in IMS_createRefExWithXMLParams
11/17/17 16:13:50:241 | [INFO] | 510 | ASU | OPM | OPM |  |  | 10107 | _opm_handle_OPDReturnedStatus called with opdStatus as:0
11/17/17 16:13:50:241 | [INFO] | 510 | ASU | OPM | OPM |  |  | 10107 | No Record found for the input fields in opm_getValueForKey
11/17/17 16:13:50:241 | [INFO] | 510 | ASU | OPM | IMSLib_OPMWrapper |  |  | 10107 | Failed in getting value for key in OPMGetValueForKey domain:OOBE subDomain:ProxyCredentials key:ProxyUsername
11/17/17 16:13:50:241 | [INFO] | 510 | ASU | OPM | IMSLibHelper |  |  | 10107 | Failed to get proxy user name from local db in getProxyCredentialsFromLocalStore
11/17/17 16:13:50:241 | [INFO] | 510 | ASU | OPM | IMSLib |  |  | 10107 | Failed to get proxy credentials from local store in IMS_createRefExWithXMLParams
11/17/17 16:13:50:241 | [INFO] | 510 | ASU | OPM | IMSLib |  |  | 10107 | Performing IMS_registerClientToGroup..
11/17/17 16:13:50:441 | [INFO] | 510 | ASU | OPM | OPM |  |  | 10107 | Performing opm_getRecords...
11/17/17 16:13:50:441 | [INFO] | 510 | ASU | OPM | OPM |  |  | 10107 | _opm_handle_OPDReturnedStatus called with opdStatus as:0
11/17/17 16:13:50:441 | [INFO] | 510 | ASU | OPM | OPM |  |  | 10107 | _opm_handle_OPDReturnedStatus called with opdStatus as:0
11/17/17 16:13:50:441 | [INFO] | 510 | ASU | OPM | OPM |  |  | 10107 | returning size of value as:86 in opm_getValueForKey
11/17/17 16:13:50:441 | [INFO] | 510 | ASU | OPM | OPM |  |  | 10107 | _opm_handle_OPDReturnedStatus called with opdStatus as:0
11/17/17 16:13:50:441 | [INFO] | 510 | ASU | OPM | OPM |  |  | 10107 | Successfully retreived value from opm domain:IMSLib subdomain:BuddyGroup key:0 in opm_getValueForKey
11/17/17 16:13:50:441 | [INFO] | 510 | ASU | OPM | P7Native |  |  | 10107 | Successfully registered AAM Client to Buddy group in pwa_openIMSLibSessionWithXMLParams.
11/17/17 16:13:50:443 | [INFO] | 510 | ASU | OPM | P7Native |  |  | 10107 | Performing registeration of client to group
11/17/17 16:13:50:443 | [INFO] | 510 | ASU | OPM | IMSLib |  |  | 10107 | Performing IMS_registerClientToGroup..
11/17/17 16:13:50:443 | [INFO] | 510 | ASU | OPM | OPM |  |  | 10107 | Performing opm_getRecords...
11/17/17 16:13:50:444 | [INFO] | 510 | ASU | OPM | OPM |  |  | 10107 | _opm_handle_OPDReturnedStatus called with opdStatus as:0
11/17/17 16:13:50:444 | [INFO] | 510 | ASU | OPM | OPM |  |  | 10107 | _opm_handle_OPDReturnedStatus called with opdStatus as:0
11/17/17 16:13:50:444 | [INFO] | 510 | ASU | OPM | OPM |  |  | 10107 | returning size of value as:86 in opm_getValueForKey
11/17/17 16:13:50:444 | [INFO] | 510 | ASU | OPM | OPM |  |  | 10107 | _opm_handle_OPDReturnedStatus called with opdStatus as:0
11/17/17 16:13:50:444 | [INFO] | 510 | ASU | OPM | OPM |  |  | 10107 | Successfully retreived value from opm domain:IMSLib subdomain:BuddyGroup key:0 in opm_getValueForKey
11/17/17 16:13:50:444 | [INFO] | 510 | ASU | OPM | P7Native |  |  | 10107 | Registered Client to group successfully!
11/17/17 16:13:50:468 | [INFO] | 510 | ASU | OPM | P7Native |  |  | 10107 | Performing fetch default user for clientID...
11/17/17 16:13:50:491 | [INFO] | 510 | ASU | OPM | IMSLib |  |  | 10107 | Performing fetchDefaultUserInfoForClientId...
11/17/17 16:13:50:491 | [INFO] | 510 | ASU | OPM | OPM |  |  | 10107 | _opm_handle_OPDReturnedStatus called with opdStatus as:0
11/17/17 16:13:50:491 | [INFO] | 510 | ASU | OPM | OPM |  |  | 10107 | No Record found for the input fields in opm_getValueForKey
11/17/17 16:13:50:491 | [INFO] | 510 | ASU | OPM | IMSLib_OPMWrapper |  |  | 10107 | Failed in getting value for key in OPMGetValueForKey domain:IMSLib subDomain:CSServiceMap key:CreativeCloud_v4_3
11/17/17 16:13:50:491 | [WARN] | 510 | ASU | OPM | IMSLibHelper |  |  | 10107 | Failed in fetching default user id for the service, while processing fetchDefaultUserGUIDForClientID
11/17/17 16:13:50:491 | [INFO] | 510 | ASU | OPM | IMSLib |  |  | 10107 | Failed to get default user for clientId in fetchDefaultUserInfoForClientId...
11/17/17 16:13:50:491 | [WARN] | 510 | ASU | OPM | P7Native |  |  | 10107 | failed in IMSLib's fetchDefaultUserInfoForClientId function, in getDefaultUserForClientId
11/17/17 16:13:50:491 | [INFO] | 510 | ASU | OPM | IMSLib |  |  | 10107 | Performing releaseData...
11/17/17 16:13:50:491 | [INFO] | 510 | ASU | OPM | P7Native |  |  | 10107 | Unable to find default user for client_id: CreativeCloud_v4_3
11/17/17 16:13:54:962 | [INFO] | 519 | ASU | IMSLib | IMSLib |  |  | 10907 | Build Version - 10.0.0.22
11/17/17 16:13:54:962 | [INFO] | 519 | ASU | IMSLib | IMSLib |  |  | 10907 | Logging Level verbosity Set  to 4
11/17/17 16:13:54:962 | [INFO] | 519 | ASU | IMSLib | IMSLib |  |  | 10907 | Creating IMSLib Ex instance ...
11/17/17 16:13:54:963 | [INFO] | 519 | ASU | OPM | OPM |  |  | 10907 | Build Version - 10.0.0.22
11/17/17 16:13:54:963 | [INFO] | 519 | ASU | OPM | OPM |  |  | 10907 | Logging Level verbosity Set  to 4
11/17/17 16:13:54:977 | [INFO] | 519 | ASU | OPM | OPM |  |  | 10907 | Schema version and schema compatibility version are same or greater than current

11/17/17 16:13:54:978 | [INFO] | 519 | ASU | OPM | IMSLibHelper |  |  | 10907 | OPMWrapper allocation succeeded
11/17/17 16:13:54:978 | [INFO] | 519 | ASU | OPM | OPM |  |  | 10907 | _opm_handle_OPDReturnedStatus called with opdStatus as:0
11/17/17 16:13:54:978 | [INFO] | 519 | ASU | OPM | OPM |  |  | 10907 | No Record found for the input fields in opm_getValueForKey
11/17/17 16:13:54:978 | [INFO] | 519 | ASU | OPM | IMSLib_OPMWrapper |  |  | 10907 | Failed in getting value for key in OPMGetValueForKey domain:OOBE subDomain:ProxyCredentials key:ProxyUsername
11/17/17 16:13:54:978 | [INFO] | 519 | ASU | OPM | IMSLibHelper |  |  | 10907 | Failed to get proxy user name from local db in getProxyCredentialsFromLocalStore
11/17/17 16:13:54:978 | [INFO] | 519 | ASU | OPM | IMSLib |  |  | 10907 | Failed get proxy credentials from local store while creating IMSLib Ex instance ...
11/17/17 16:13:54:978 | [INFO] | 519 | ASU | OPM | IMSLib |  |  | 10907 | Performing IMS_registerClientToGroup..
11/17/17 16:13:54:978 | [INFO] | 519 | ASU | OPM | OPM |  |  | 10907 | Performing opm_getRecords...
11/17/17 16:13:54:978 | [INFO] | 519 | ASU | OPM | OPM |  |  | 10907 | _opm_handle_OPDReturnedStatus called with opdStatus as:0
11/17/17 16:13:54:979 | [INFO] | 519 | ASU | OPM | OPM |  |  | 10907 | _opm_handle_OPDReturnedStatus called with opdStatus as:0
11/17/17 16:13:54:979 | [INFO] | 519 | ASU | OPM | OPM |  |  | 10907 | returning size of value as:86 in opm_getValueForKey
11/17/17 16:13:54:979 | [INFO] | 519 | ASU | OPM | OPM |  |  | 10907 | _opm_handle_OPDReturnedStatus called with opdStatus as:0
11/17/17 16:13:54:979 | [INFO] | 519 | ASU | OPM | OPM |  |  | 10907 | Successfully retreived value from opm domain:IMSLib subdomain:BuddyGroup key:0 in opm_getValueForKey
11/17/17 16:13:54:982 | [INFO] | 519 | ASU | OPM | IMSLib |  |  | 10907 | Releasing IMSLib instance
11/17/17 16:13:54:982 | [INFO] | 519 | ASU | OPM | IMSLib |  |  | 10907 | IMSLib instance released ...
11/17/17 16:13:58:845 | [INFO] | 519 | ASU | IMSLib | IMSLib |  |  | 10907 | Build Version - 10.0.0.22
11/17/17 16:13:58:845 | [INFO] | 519 | ASU | IMSLib | IMSLib |  |  | 10907 | Logging Level verbosity Set  to 4
11/17/17 16:13:58:845 | [INFO] | 519 | ASU | IMSLib | IMSLib |  |  | 10907 | Creating IMSLib Ex instance ...
11/17/17 16:13:58:845 | [INFO] | 519 | ASU | OPM | OPM |  |  | 10907 | Build Version - 10.0.0.22
11/17/17 16:13:58:845 | [INFO] | 519 | ASU | OPM | OPM |  |  | 10907 | Logging Level verbosity Set  to 4
11/17/17 16:13:58:846 | [INFO] | 519 | ASU | OPM | OPM |  |  | 10907 | Schema version and schema compatibility version are same or greater than current

11/17/17 16:13:58:846 | [INFO] | 519 | ASU | OPM | IMSLibHelper |  |  | 10907 | OPMWrapper allocation succeeded
11/17/17 16:13:58:846 | [INFO] | 519 | ASU | OPM | OPM |  |  | 10907 | _opm_handle_OPDReturnedStatus called with opdStatus as:0
11/17/17 16:13:58:846 | [INFO] | 519 | ASU | OPM | OPM |  |  | 10907 | No Record found for the input fields in opm_getValueForKey
11/17/17 16:13:58:846 | [INFO] | 519 | ASU | OPM | IMSLib_OPMWrapper |  |  | 10907 | Failed in getting value for key in OPMGetValueForKey domain:OOBE subDomain:ProxyCredentials key:ProxyUsername
11/17/17 16:13:58:846 | [INFO] | 519 | ASU | OPM | IMSLibHelper |  |  | 10907 | Failed to get proxy user name from local db in getProxyCredentialsFromLocalStore
11/17/17 16:13:58:846 | [INFO] | 519 | ASU | OPM | IMSLib |  |  | 10907 | Failed get proxy credentials from local store while creating IMSLib Ex instance ...
11/17/17 16:13:58:846 | [INFO] | 519 | ASU | OPM | IMSLib |  |  | 10907 | Performing fetchDefaultUserInfoForClientId...
11/17/17 16:13:58:846 | [INFO] | 519 | ASU | OPM | OPM |  |  | 10907 | _opm_handle_OPDReturnedStatus called with opdStatus as:0
11/17/17 16:13:58:846 | [INFO] | 519 | ASU | OPM | OPM |  |  | 10907 | No Record found for the input fields in opm_getValueForKey
11/17/17 16:13:58:846 | [INFO] | 519 | ASU | OPM | IMSLib_OPMWrapper |  |  | 10907 | Failed in getting value for key in OPMGetValueForKey domain:IMSLib subDomain:CSServiceMap key:CCXInAppWelcomeProcess
11/17/17 16:13:58:846 | [WARN] | 519 | ASU | OPM | IMSLibHelper |  |  | 10907 | Failed in fetching default user id for the service, while processing fetchDefaultUserGUIDForClientID
11/17/17 16:13:58:846 | [INFO] | 519 | ASU | OPM | IMSLib |  |  | 10907 | Failed to get default user for clientId in fetchDefaultUserInfoForClientId...
11/17/17 16:13:58:847 | [INFO] | 519 | ASU | OPM | IMSLib |  |  | 10907 | Releasing IMSLib instance
11/17/17 16:13:58:847 | [INFO] | 519 | ASU | OPM | IMSLib |  |  | 10907 | IMSLib instance released ...
11/17/17 16:13:59:193 | [INFO] | 519 | ASU | IMSLib | IMSLib |  |  | 10907 | Build Version - 10.0.0.22
11/17/17 16:13:59:193 | [INFO] | 519 | ASU | IMSLib | IMSLib |  |  | 10907 | Logging Level verbosity Set  to 4
11/17/17 16:13:59:193 | [INFO] | 519 | ASU | IMSLib | IMSLib |  |  | 10907 | Creating IMSLib Ex instance ...
11/17/17 16:13:59:193 | [INFO] | 519 | ASU | OPM | OPM |  |  | 10907 | Build Version - 10.0.0.22
11/17/17 16:13:59:194 | [INFO] | 519 | ASU | OPM | OPM |  |  | 10907 | Logging Level verbosity Set  to 4
11/17/17 16:13:59:194 | [INFO] | 519 | ASU | OPM | OPM |  |  | 10907 | Schema version and schema compatibility version are same or greater than current

11/17/17 16:13:59:194 | [INFO] | 519 | ASU | OPM | IMSLibHelper |  |  | 10907 | OPMWrapper allocation succeeded
11/17/17 16:13:59:194 | [INFO] | 519 | ASU | OPM | OPM |  |  | 10907 | _opm_handle_OPDReturnedStatus called with opdStatus as:0
11/17/17 16:13:59:194 | [INFO] | 519 | ASU | OPM | OPM |  |  | 10907 | No Record found for the input fields in opm_getValueForKey
11/17/17 16:13:59:194 | [INFO] | 519 | ASU | OPM | IMSLib_OPMWrapper |  |  | 10907 | Failed in getting value for key in OPMGetValueForKey domain:OOBE subDomain:ProxyCredentials key:ProxyUsername
11/17/17 16:13:59:194 | [INFO] | 519 | ASU | OPM | IMSLibHelper |  |  | 10907 | Failed to get proxy user name from local db in getProxyCredentialsFromLocalStore
11/17/17 16:13:59:194 | [INFO] | 519 | ASU | OPM | IMSLib |  |  | 10907 | Failed get proxy credentials from local store while creating IMSLib Ex instance ...
11/17/17 16:13:59:194 | [INFO] | 519 | ASU | OPM | IMSLib |  |  | 10907 | Performing fetchDefaultUserInfoForClientId...
11/17/17 16:13:59:195 | [INFO] | 519 | ASU | OPM | OPM |  |  | 10907 | _opm_handle_OPDReturnedStatus called with opdStatus as:0
11/17/17 16:13:59:195 | [INFO] | 519 | ASU | OPM | OPM |  |  | 10907 | No Record found for the input fields in opm_getValueForKey
11/17/17 16:13:59:195 | [INFO] | 519 | ASU | OPM | IMSLib_OPMWrapper |  |  | 10907 | Failed in getting value for key in OPMGetValueForKey domain:IMSLib subDomain:CSServiceMap key:CCXInAppWelcomeProcess
11/17/17 16:13:59:195 | [WARN] | 519 | ASU | OPM | IMSLibHelper |  |  | 10907 | Failed in fetching default user id for the service, while processing fetchDefaultUserGUIDForClientID
11/17/17 16:13:59:195 | [INFO] | 519 | ASU | OPM | IMSLib |  |  | 10907 | Failed to get default user for clientId in fetchDefaultUserInfoForClientId...
11/17/17 16:13:59:195 | [INFO] | 519 | ASU | OPM | IMSLib |  |  | 10907 | Releasing IMSLib instance
11/17/17 16:13:59:195 | [INFO] | 519 | ASU | OPM | IMSLib |  |  | 10907 | IMSLib instance released ...
11/17/17 16:13:59:195 | [INFO] | 519 | ASU | IMSLib | IMSLib |  |  | 10907 | Build Version - 10.0.0.22
11/17/17 16:13:59:195 | [INFO] | 519 | ASU | IMSLib | IMSLib |  |  | 10907 | Logging Level verbosity Set  to 4
11/17/17 16:13:59:195 | [INFO] | 519 | ASU | IMSLib | IMSLib |  |  | 10907 | Creating IMSLib Ex instance ...
11/17/17 16:13:59:196 | [INFO] | 519 | ASU | OPM | OPM |  |  | 10907 | Build Version - 10.0.0.22
11/17/17 16:13:59:196 | [INFO] | 519 | ASU | OPM | OPM |  |  | 10907 | Logging Level verbosity Set  to 4
11/17/17 16:13:59:196 | [INFO] | 519 | ASU | OPM | OPM |  |  | 10907 | Schema version and schema compatibility version are same or greater than current

11/17/17 16:13:59:196 | [INFO] | 519 | ASU | OPM | IMSLibHelper |  |  | 10907 | OPMWrapper allocation succeeded
11/17/17 16:13:59:196 | [INFO] | 519 | ASU | OPM | OPM |  |  | 10907 | _opm_handle_OPDReturnedStatus called with opdStatus as:0
11/17/17 16:13:59:196 | [INFO] | 519 | ASU | OPM | OPM |  |  | 10907 | No Record found for the input fields in opm_getValueForKey
11/17/17 16:13:59:196 | [INFO] | 519 | ASU | OPM | IMSLib_OPMWrapper |  |  | 10907 | Failed in getting value for key in OPMGetValueForKey domain:OOBE subDomain:ProxyCredentials key:ProxyUsername
11/17/17 16:13:59:196 | [INFO] | 519 | ASU | OPM | IMSLibHelper |  |  | 10907 | Failed to get proxy user name from local db in getProxyCredentialsFromLocalStore
11/17/17 16:13:59:196 | [INFO] | 519 | ASU | OPM | IMSLib |  |  | 10907 | Failed get proxy credentials from local store while creating IMSLib Ex instance ...
11/17/17 16:13:59:196 | [INFO] | 519 | ASU | OPM | IMSLib |  |  | 10907 | Performing fetchDefaultUserInfoForClientId...
11/17/17 16:13:59:196 | [INFO] | 519 | ASU | OPM | OPM |  |  | 10907 | _opm_handle_OPDReturnedStatus called with opdStatus as:0
11/17/17 16:13:59:196 | [INFO] | 519 | ASU | OPM | OPM |  |  | 10907 | No Record found for the input fields in opm_getValueForKey
11/17/17 16:13:59:196 | [INFO] | 519 | ASU | OPM | IMSLib_OPMWrapper |  |  | 10907 | Failed in getting value for key in OPMGetValueForKey domain:IMSLib subDomain:CSServiceMap key:CCXInAppWelcomeProcess
11/17/17 16:13:59:196 | [WARN] | 519 | ASU | OPM | IMSLibHelper |  |  | 10907 | Failed in fetching default user id for the service, while processing fetchDefaultUserGUIDForClientID
11/17/17 16:13:59:196 | [INFO] | 519 | ASU | OPM | IMSLib |  |  | 10907 | Failed to get default user for clientId in fetchDefaultUserInfoForClientId...
11/17/17 16:13:59:196 | [INFO] | 519 | ASU | OPM | IMSLib |  |  | 10907 | Releasing IMSLib instance
11/17/17 16:13:59:196 | [INFO] | 519 | ASU | OPM | IMSLib |  |  | 10907 | IMSLib instance released ...
11/17/17 16:13:59:197 | [INFO] | 519 | ASU | IMSLib | IMSLib |  |  | 10907 | Build Version - 10.0.0.22
11/17/17 16:13:59:197 | [INFO] | 519 | ASU | IMSLib | IMSLib |  |  | 10907 | Logging Level verbosity Set  to 4
11/17/17 16:13:59:197 | [INFO] | 519 | ASU | IMSLib | IMSLib |  |  | 10907 | Creating IMSLib Ex instance ...
11/17/17 16:13:59:197 | [INFO] | 519 | ASU | OPM | OPM |  |  | 10907 | Build Version - 10.0.0.22
11/17/17 16:13:59:197 | [INFO] | 519 | ASU | OPM | OPM |  |  | 10907 | Logging Level verbosity Set  to 4
11/17/17 16:13:59:197 | [INFO] | 519 | ASU | OPM | OPM |  |  | 10907 | Schema version and schema compatibility version are same or greater than current

11/17/17 16:13:59:197 | [INFO] | 519 | ASU | OPM | IMSLibHelper |  |  | 10907 | OPMWrapper allocation succeeded
11/17/17 16:13:59:198 | [INFO] | 519 | ASU | OPM | OPM |  |  | 10907 | _opm_handle_OPDReturnedStatus called with opdStatus as:0
11/17/17 16:13:59:198 | [INFO] | 519 | ASU | OPM | OPM |  |  | 10907 | No Record found for the input fields in opm_getValueForKey
11/17/17 16:13:59:198 | [INFO] | 519 | ASU | OPM | IMSLib_OPMWrapper |  |  | 10907 | Failed in getting value for key in OPMGetValueForKey domain:OOBE subDomain:ProxyCredentials key:ProxyUsername
11/17/17 16:13:59:198 | [INFO] | 519 | ASU | OPM | IMSLibHelper |  |  | 10907 | Failed to get proxy user name from local db in getProxyCredentialsFromLocalStore
11/17/17 16:13:59:198 | [INFO] | 519 | ASU | OPM | IMSLib |  |  | 10907 | Failed get proxy credentials from local store while creating IMSLib Ex instance ...
11/17/17 16:13:59:198 | [INFO] | 519 | ASU | OPM | IMSLib |  |  | 10907 | Performing fetchDefaultUserInfoForClientId...
11/17/17 16:13:59:198 | [INFO] | 519 | ASU | OPM | OPM |  |  | 10907 | _opm_handle_OPDReturnedStatus called with opdStatus as:0
11/17/17 16:13:59:198 | [INFO] | 519 | ASU | OPM | OPM |  |  | 10907 | No Record found for the input fields in opm_getValueForKey
11/17/17 16:13:59:198 | [INFO] | 519 | ASU | OPM | IMSLib_OPMWrapper |  |  | 10907 | Failed in getting value for key in OPMGetValueForKey domain:IMSLib subDomain:CSServiceMap key:CCXInAppWelcomeProcess
11/17/17 16:13:59:198 | [WARN] | 519 | ASU | OPM | IMSLibHelper |  |  | 10907 | Failed in fetching default user id for the service, while processing fetchDefaultUserGUIDForClientID
11/17/17 16:13:59:198 | [INFO] | 519 | ASU | OPM | IMSLib |  |  | 10907 | Failed to get default user for clientId in fetchDefaultUserInfoForClientId...
11/17/17 16:13:59:198 | [INFO] | 519 | ASU | OPM | IMSLib |  |  | 10907 | Releasing IMSLib instance
11/17/17 16:13:59:198 | [INFO] | 519 | ASU | OPM | IMSLib |  |  | 10907 | IMSLib instance released ...
