20171117-154722.113: t=0307: Always: RetroEnvironment: reportAppVersionString: CoreSync v.2.4.3.114 unk (RetroEnvironment.cpp.reportAppVersionString.48)
20171117-154722.113: t=0307: Always: RetroEnvironment: reportDetailedOsVersionInfo: OSVer: Version 10.12.6 (Build 16G1036); Arch: i486; AppVer: 2.4.3.114 (RetroEnvironment.cpp.reportDetailedOsVersionInfo.56)
20171117-154722.113: t=0307: Always: RetroEnvironment: reportHostVersionInfo: kHostVersion: 34 (RetroEnvironment.cpp.reportHostVersionInfo.78)
20171117-154722.114: t=0307: Info: Loading plugins from folder: '/Applications/Utilities/Adobe Sync/CoreSyncPlugins'
20171117-154722.114: t=0307: Info: Loading plugins from folder: '/Applications/Utilities/Adobe Sync/CoreSyncPlugins/DesignLibraryPlugin'
20171117-154722.379: t=0307: Info: Plugin loaded: '/Applications/Utilities/Adobe Sync/CoreSyncPlugins/DesignLibraryPlugin/DesignLibraryPlugin.framework'
20171117-154722.380: t=0307: Info: Loading plugins from folder: '/Applications/Utilities/Adobe Sync/CoreSyncPlugins/ExchangePlugin'
20171117-154723.127: t=0307: Info: Plugin loaded: '/Applications/Utilities/Adobe Sync/CoreSyncPlugins/ExchangePlugin/ExchangePlugin.framework'
20171117-154723.127: t=0307: Info: Loading plugins from folder: '/Applications/Utilities/Adobe Sync/CoreSyncPlugins/LiveType'
20171117-154723.268: t=0307: Info: Plugin loaded: '/Applications/Utilities/Adobe Sync/CoreSyncPlugins/LiveType/LiveType.framework'
20171117-154723.268: t=0307: Info: Loading plugins from folder: '/Applications/Utilities/Adobe Sync/CoreSyncPlugins/SynKit'
20171117-154723.291: t=0307: Info: Plugin loaded: '/Applications/Utilities/Adobe Sync/CoreSyncPlugins/SynKit/SynKit.framework'
20171117-154723.291: t=0307: Info: AppHookControllerImpl::onStartup in
20171117-154723.294: t=0307: Info: [DesignLibraryPlugin] [DesignLibraryManager.cpp:InitFileSystem:166] DesignLibraryPlugin version is "1.0.0.86"
20171117-154723.294: t=0307: Info: [DesignLibraryPlugin] [DesignLibraryAppHook.cpp:onStartup:72] register interest path "/assets/adobe-libraries/"...
20171117-154723.309: t=5d03: Info: [ExchangePlugin] (EPTaskManager.cpp, 504 ) --initMainloop: initMainloop begin, and begin check if core lib is loaded..., version is 1.4.0.1207
20171117-154723.309: t=0307: Info: [livetype] onStartup
20171117-154723.311: t=0307: Info: [livetype] onStartup => success
20171117-154723.311: t=0307: Info: AppHookControllerImpl::onStartup out
20171117-154723.311: t=0307: Info: jura: Begin Starting network monitor (NetworkMonitor_mac.mm.start.81)
20171117-154723.312: t=0307: Info: jura: End Starting network monitor (NetworkMonitor_mac.mm.start.81)
20171117-154723.441: t=0307: Info: jura: Command '/usr/bin/pluginkit -m -i com.adobe.accmac.ACCFinderSync' returned '0' (Utils.mm.executeCommand.75)
20171117-154723.441: t=0307: Info: extension.helper: extension is NOT INITIALIZED (AppExtensionHelper.mm.isExtensionInitialized.123)
20171117-154723.441: t=0307: Info: MShellUxWrapper: Forcing Finder appex initialization (MShellUxWrapper.mm.-[MShellUxWrapper verifyAutomaticFinderAppexEnablement].181)
20171117-154723.442: t=0307: Info: MShellUxWrapper: setHasForceInitializedExtension:  (MShellUxWrapper.mm.-[MShellUxWrapper setHasForceInitializedExtension:].198)
20171117-154723.542: t=0307: Info: jura: Command '/usr/bin/pluginkit -m -i com.adobe.accmac.ACCFinderSync' returned '0' (Utils.mm.executeCommand.75)
20171117-154723.543: t=0307: Info: extension.helper: Enabling app extension identifier: com.adobe.accmac.ACCFinderSync (AppExtensionHelper.mm.enableExtensionWithID.105)
20171117-154723.606: t=0307: Info: jura: Command '/usr/bin/pluginkit -e use -i com.adobe.accmac.ACCFinderSync' returned '0' (Utils.mm.executeCommand.75)
20171117-154723.606: t=0307: Info: extension.helper: enableExtension succeeded (AppExtensionHelper.mm.runCommand.79)
20171117-154723.606: t=0307: Info: extension.helper: enabled extension: SUCCESS (AppExtensionHelper.mm.initializeExtension.146)
20171117-154723.673: t=0307: Info: jura: Command '/usr/bin/pluginkit -m -i com.adobe.accmac.ACCFinderSync' returned '0' (Utils.mm.executeCommand.75)
20171117-154723.678: t=0307: Info: extension.helper: extension is INITIALIZED (AppExtensionHelper.mm.isExtensionInitialized.123)
20171117-154723.682: t=0307: Info: FolderPersistenceSqliteImpl: VerifyAndRepair: checking DB structure (FolderPersistenceSqliteImpl.cpp.VerifyAndRepair.296)
20171117-154723.683: t=0307: Info: jura.db.verification: Database Integrity Verification Started (DatabaseVerifier.cpp.verifyIntegrity.345)
20171117-154723.683: t=0307: Info: jura.db.verification: Database Integrity Verification Succeeded (DatabaseVerifier.cpp.verifyIntegrity.360)
20171117-154723.683: t=0307: Info: jura.db.verification: Database Schema Verification Started (DatabaseVerifier.cpp.verifySchema.370)
20171117-154723.683: t=0307: Info: jura.db.verification: Database Schema Verification Succeeded (DatabaseVerifier.cpp.verifySchema.412)
20171117-154723.683: t=0307: Info: FolderPersistenceSqliteImpl: VerifyAndRepair: result is 1 (FolderPersistenceSqliteImpl.cpp.VerifyAndRepair.321)
20171117-154723.683: t=0307: Info: LocalisingEnvironment: start (LocalisingEnvironment.cpp.start.30)
20171117-154723.713: t=0307: Info: AppShell: End start (AppShell.cpp.startup.137)
20171117-154723.713: t=5b03: Info: app: Begin Starting up (AppController.cpp.startHandler.236)
20171117-154723.714: t=5b03: Info: ipc: Broadcasting sync.out.broadcast.app.startedup 96300fd8-669d-450e-93ca-a967287c2402 (IpcController.cpp.sendBroadcast.167)
20171117-154723.714: t=5b03: Info: app: End Starting up (AppController.cpp.startHandler.236)
20171117-154723.715: t=5507: Info: [livetype] onTextReceived sync.out.broadcast.app.startedup
20171117-154723.746: t=5507: Info: [livetype] onTextReceived cosy.fonts.UpdatePreferencesRequest
20171117-154723.763: t=5f03: Info: [livetype]  sendText accc.fonts.UpdatePreferencesResponse (success)
20171117-154723.765: t=5f03: Info: [livetype] syncStatus: ON
20171117-154724.752: t=5d03: Error: [ExchangePlugin] (EPTaskManager.cpp, 612 ) --createEntitlementFileFolder: makeWritableForAllUsers() failed for "/Library/Application Support/Adobe/Extension Manager CC/Configuration/Entitlement", status is -47!
20171117-154724.838: t=0307: Info: MShellUxWrapper: Finder extension initialization successful (MShellUxWrapper.mm.-[MShellUxWrapper finderInitSuccessful:].239)
20171117-160839.707: t=5b03: Info: app: Begin Shutting down (AppController.cpp.stopHandler.258)
20171117-160839.749: t=5b03: Info: ipc: Broadcasting sync.out.broadcast.app.shuttingdown 93ca5075-51b6-468b-a31b-facc13ef3277 (IpcController.cpp.sendBroadcast.167)
20171117-160839.783: t=5b03: Info: app: End Shutting down (AppController.cpp.stopHandler.258)
20171117-160839.783: t=5507: Info: [livetype] onTextReceived sync.out.broadcast.app.shuttingdown
20171117-160839.826: t=5f03: Info: [livetype] onShutdownMessage
20171117-160839.899: t=0307: Info: jura.db: Closed database at /Users/BlackHat01/Library/Application Support/Adobe/CoreSync/coresync.db (Database.cpp.close.124)
20171117-160839.900: t=0307: Info: jura: Stopped network monitor (NetworkMonitor_mac.mm.stop.127)
20171117-160839.900: t=0307: Info: AppHookControllerImpl::onShutdown in
20171117-160839.901: t=5507: Always: ipc: VulcanMessageAdapter switching to broadcast (VulcanMessageAdapter.cpp.refreshEndPointsCallback.113)
20171117-160840.300: t=0307: Info: [livetype] onShutdown
20171117-160840.300: t=5e03: Info: [livetype]  disableFontSync
20171117-160840.301: t=5e03: Info: [livetype] deactivated all fonts
20171117-160840.301: t=0307: Info: AppHookControllerImpl::onShutdown out
20171117-161349.478: t=0307: Always: RetroEnvironment: reportAppVersionString: CoreSync v.2.4.3.114 unk (RetroEnvironment.cpp.reportAppVersionString.48)
20171117-161349.490: t=0307: Always: RetroEnvironment: reportDetailedOsVersionInfo: OSVer: Version 10.12.6 (Build 16G1036); Arch: i486; AppVer: 2.4.3.114 (RetroEnvironment.cpp.reportDetailedOsVersionInfo.56)
20171117-161349.490: t=0307: Always: RetroEnvironment: reportHostVersionInfo: kHostVersion: 34 (RetroEnvironment.cpp.reportHostVersionInfo.78)
20171117-161349.491: t=0307: Info: Loading plugins from folder: '/Applications/Utilities/Adobe Sync/CoreSyncPlugins'
20171117-161349.514: t=0307: Info: Loading plugins from folder: '/Applications/Utilities/Adobe Sync/CoreSyncPlugins/DesignLibraryPlugin'
20171117-161349.917: t=0307: Info: Plugin loaded: '/Applications/Utilities/Adobe Sync/CoreSyncPlugins/DesignLibraryPlugin/DesignLibraryPlugin.framework'
20171117-161349.917: t=0307: Info: Loading plugins from folder: '/Applications/Utilities/Adobe Sync/CoreSyncPlugins/ExchangePlugin'
20171117-161350.559: t=0307: Info: Plugin loaded: '/Applications/Utilities/Adobe Sync/CoreSyncPlugins/ExchangePlugin/ExchangePlugin.framework'
20171117-161350.559: t=0307: Info: Loading plugins from folder: '/Applications/Utilities/Adobe Sync/CoreSyncPlugins/LiveType'
20171117-161351.059: t=0307: Info: Plugin loaded: '/Applications/Utilities/Adobe Sync/CoreSyncPlugins/LiveType/LiveType.framework'
20171117-161351.059: t=0307: Info: Loading plugins from folder: '/Applications/Utilities/Adobe Sync/CoreSyncPlugins/SynKit'
20171117-161351.133: t=0307: Info: Plugin loaded: '/Applications/Utilities/Adobe Sync/CoreSyncPlugins/SynKit/SynKit.framework'
20171117-161351.133: t=0307: Info: AppHookControllerImpl::onStartup in
20171117-161351.147: t=0307: Info: [DesignLibraryPlugin] [DesignLibraryManager.cpp:InitFileSystem:166] DesignLibraryPlugin version is "1.0.0.86"
20171117-161351.154: t=0307: Info: [DesignLibraryPlugin] [DesignLibraryAppHook.cpp:onStartup:72] register interest path "/assets/adobe-libraries/"...
20171117-161351.219: t=5f03: Info: [ExchangePlugin] (EPTaskManager.cpp, 504 ) --initMainloop: initMainloop begin, and begin check if core lib is loaded..., version is 1.4.0.1207
20171117-161351.219: t=0307: Info: [livetype] onStartup
20171117-161351.266: t=0307: Info: [livetype] onStartup => success
20171117-161351.266: t=0307: Info: AppHookControllerImpl::onStartup out
20171117-161351.266: t=0307: Info: jura: Begin Starting network monitor (NetworkMonitor_mac.mm.start.81)
20171117-161351.266: t=0307: Info: jura: End Starting network monitor (NetworkMonitor_mac.mm.start.81)
20171117-161351.456: t=0307: Info: jura: Command '/usr/bin/pluginkit -m -i com.adobe.accmac.ACCFinderSync' returned '0' (Utils.mm.executeCommand.75)
20171117-161351.456: t=0307: Info: extension.helper: extension is INITIALIZED (AppExtensionHelper.mm.isExtensionInitialized.123)
20171117-161351.460: t=0307: Info: FolderPersistenceSqliteImpl: VerifyAndRepair: checking DB structure (FolderPersistenceSqliteImpl.cpp.VerifyAndRepair.296)
20171117-161351.460: t=0307: Info: jura.db.verification: Database Integrity Verification Started (DatabaseVerifier.cpp.verifyIntegrity.345)
20171117-161351.597: t=0307: Info: jura.db.verification: Database Integrity Verification Succeeded (DatabaseVerifier.cpp.verifyIntegrity.360)
20171117-161351.597: t=0307: Info: jura.db.verification: Database Schema Verification Started (DatabaseVerifier.cpp.verifySchema.370)
20171117-161351.598: t=0307: Info: jura.db.verification: Database Schema Verification Succeeded (DatabaseVerifier.cpp.verifySchema.412)
20171117-161351.598: t=0307: Info: FolderPersistenceSqliteImpl: VerifyAndRepair: result is 1 (FolderPersistenceSqliteImpl.cpp.VerifyAndRepair.321)
20171117-161351.598: t=0307: Info: LocalisingEnvironment: start (LocalisingEnvironment.cpp.start.30)
20171117-161351.624: t=0307: Info: AppShell: End start (AppShell.cpp.startup.137)
20171117-161351.624: t=5d03: Info: app: Begin Starting up (AppController.cpp.startHandler.236)
20171117-161351.624: t=5d03: Info: ipc: Broadcasting sync.out.broadcast.app.startedup b3d0d9e3-dee6-42f2-9eb9-1ec805dbc9b6 (IpcController.cpp.sendBroadcast.167)
20171117-161351.624: t=5d03: Info: app: End Starting up (AppController.cpp.startHandler.236)
20171117-161351.625: t=5707: Info: [livetype] onTextReceived sync.out.broadcast.app.startedup
20171117-161351.664: t=5707: Info: [livetype] onTextReceived cosy.fonts.UpdatePreferencesRequest
20171117-161351.665: t=6103: Info: [livetype]  sendText accc.fonts.UpdatePreferencesResponse (success)
20171117-161351.665: t=6103: Info: [livetype] syncStatus: ON
20171117-161352.929: t=5f03: Error: [ExchangePlugin] (EPTaskManager.cpp, 612 ) --createEntitlementFileFolder: makeWritableForAllUsers() failed for "/Library/Application Support/Adobe/Extension Manager CC/Configuration/Entitlement", status is -47!
20171117-161652.306: t=0307: Info: MShellUxWrapper: Finder extension initialization successful (MShellUxWrapper.mm.-[MShellUxWrapper finderInitSuccessful:].239)
20171117-162831.715: t=0307: Info: MShellUxWrapper: Finder extension initialization successful (MShellUxWrapper.mm.-[MShellUxWrapper finderInitSuccessful:].239)
